  osu.cpp
C:\Users\高岡優羽\source\repos\polaris\oto\Project1\note.h(85,26): warning C4244: '引数': 'float' から 'int' への変換です。データが失われる可能性があります。
C:\Users\高岡優羽\source\repos\polaris\oto\Project1\note.h(85,23): warning C4244: '引数': 'float' から 'int' への変換です。データが失われる可能性があります。
C:\Users\高岡優羽\source\repos\polaris\oto\Project1\note.h(103,13): warning C4244: '=': 'int' から 'float' への変換です。データが失われる可能性があります。
C:\Users\高岡優羽\source\repos\polaris\oto\Project1\note.h(104,13): warning C4244: '=': 'int' から 'float' への変換です。データが失われる可能性があります。
C:\Users\高岡優羽\source\repos\polaris\oto\Project1\note.h(136,13): warning C4244: '=': 'int' から 'float' への変換です。データが失われる可能性があります。
C:\Users\高岡優羽\source\repos\polaris\oto\Project1\note.h(137,13): warning C4244: '=': 'int' から 'float' への変換です。データが失われる可能性があります。
C:\Users\高岡優羽\source\repos\polaris\oto\Project1\note.h(169,13): warning C4244: '=': 'int' から 'float' への変換です。データが失われる可能性があります。
C:\Users\高岡優羽\source\repos\polaris\oto\Project1\note.h(170,13): warning C4244: '=': 'int' から 'float' への変換です。データが失われる可能性があります。
C:\Users\高岡優羽\source\repos\polaris\oto\Project1\note.h(202,13): warning C4244: '=': 'int' から 'float' への変換です。データが失われる可能性があります。
C:\Users\高岡優羽\source\repos\polaris\oto\Project1\note.h(203,13): warning C4244: '=': 'int' から 'float' への変換です。データが失われる可能性があります。
C:\Users\高岡優羽\source\repos\polaris\oto\Project1\note.h(235,13): warning C4244: '=': 'int' から 'float' への変換です。データが失われる可能性があります。
C:\Users\高岡優羽\source\repos\polaris\oto\Project1\note.h(236,13): warning C4244: '=': 'int' から 'float' への変換です。データが失われる可能性があります。
C:\Users\高岡優羽\source\repos\polaris\oto\Project1\note.h(260,13): warning C4244: '=': 'int' から 'float' への変換です。データが失われる可能性があります。
C:\Users\高岡優羽\source\repos\polaris\oto\Project1\note.h(261,13): warning C4244: '=': 'int' から 'float' への変換です。データが失われる可能性があります。
C:\Users\高岡優羽\source\repos\polaris\oto\Project1\note.h(286,13): warning C4244: '=': 'int' から 'float' への変換です。データが失われる可能性があります。
C:\Users\高岡優羽\source\repos\polaris\oto\Project1\note.h(287,13): warning C4244: '=': 'int' から 'float' への変換です。データが失われる可能性があります。
C:\Users\高岡優羽\source\repos\polaris\oto\Project1\note.h(311,13): warning C4244: '=': 'int' から 'float' への変換です。データが失われる可能性があります。
C:\Users\高岡優羽\source\repos\polaris\oto\Project1\note.h(312,13): warning C4244: '=': 'int' から 'float' への変換です。データが失われる可能性があります。
C:\Users\高岡優羽\source\repos\polaris\oto\Project1\note.h(336,13): warning C4244: '=': 'int' から 'float' への変換です。データが失われる可能性があります。
C:\Users\高岡優羽\source\repos\polaris\oto\Project1\note.h(337,13): warning C4244: '=': 'int' から 'float' への変換です。データが失われる可能性があります。
C:\Users\高岡優羽\source\repos\polaris\oto\Project1\note.h(401,17): warning C4244: '=': 'double' から 'int' への変換です。データが失われる可能性があります。
C:\Users\高岡優羽\source\repos\polaris\oto\Project1\note.h(404,17): warning C4244: '=': 'double' から 'int' への変換です。データが失われる可能性があります。
C:\Users\高岡優羽\source\repos\polaris\oto\Project1\note.h(407,17): warning C4244: '=': 'double' から 'int' への変換です。データが失われる可能性があります。
C:\Users\高岡優羽\source\repos\polaris\oto\Project1\note.h(410,17): warning C4244: '=': 'double' から 'int' への変換です。データが失われる可能性があります。
C:\Users\高岡優羽\source\repos\polaris\oto\Project1\note.h(413,17): warning C4244: '=': 'double' から 'int' への変換です。データが失われる可能性があります。
C:\Users\高岡優羽\source\repos\polaris\oto\Project1\note.h(416,17): warning C4244: '=': 'double' から 'int' への変換です。データが失われる可能性があります。
C:\Users\高岡優羽\source\repos\polaris\oto\Project1\note.h(419,17): warning C4244: '=': 'double' から 'int' への変換です。データが失われる可能性があります。
C:\Users\高岡優羽\source\repos\polaris\oto\Project1\note.h(492,17): warning C4244: '=': 'double' から 'int' への変換です。データが失われる可能性があります。
C:\Users\高岡優羽\source\repos\polaris\oto\Project1\note.h(495,17): warning C4244: '=': 'double' から 'int' への変換です。データが失われる可能性があります。
C:\Users\高岡優羽\source\repos\polaris\oto\Project1\note.h(498,17): warning C4244: '=': 'double' から 'int' への変換です。データが失われる可能性があります。
C:\Users\高岡優羽\source\repos\polaris\oto\Project1\note.h(501,17): warning C4244: '=': 'double' から 'int' への変換です。データが失われる可能性があります。
C:\Users\高岡優羽\source\repos\polaris\oto\Project1\note.h(504,17): warning C4244: '=': 'double' から 'int' への変換です。データが失われる可能性があります。
C:\Users\高岡優羽\source\repos\polaris\oto\Project1\note.h(507,17): warning C4244: '=': 'double' から 'int' への変換です。データが失われる可能性があります。
C:\Users\高岡優羽\source\repos\polaris\oto\Project1\note.h(510,17): warning C4244: '=': 'double' から 'int' への変換です。データが失われる可能性があります。
C:\Users\高岡優羽\source\repos\polaris\oto\Project1\note.h(583,17): warning C4244: '=': 'double' から 'int' への変換です。データが失われる可能性があります。
C:\Users\高岡優羽\source\repos\polaris\oto\Project1\note.h(586,17): warning C4244: '=': 'double' から 'int' への変換です。データが失われる可能性があります。
C:\Users\高岡優羽\source\repos\polaris\oto\Project1\note.h(589,17): warning C4244: '=': 'double' から 'int' への変換です。データが失われる可能性があります。
C:\Users\高岡優羽\source\repos\polaris\oto\Project1\note.h(592,17): warning C4244: '=': 'double' から 'int' への変換です。データが失われる可能性があります。
C:\Users\高岡優羽\source\repos\polaris\oto\Project1\note.h(595,17): warning C4244: '=': 'double' から 'int' への変換です。データが失われる可能性があります。
C:\Users\高岡優羽\source\repos\polaris\oto\Project1\note.h(598,17): warning C4244: '=': 'double' から 'int' への変換です。データが失われる可能性があります。
C:\Users\高岡優羽\source\repos\polaris\oto\Project1\note.h(601,17): warning C4244: '=': 'double' から 'int' への変換です。データが失われる可能性があります。
C:\Users\高岡優羽\source\repos\polaris\oto\Project1\note.h(674,17): warning C4244: '=': 'double' から 'int' への変換です。データが失われる可能性があります。
C:\Users\高岡優羽\source\repos\polaris\oto\Project1\note.h(677,17): warning C4244: '=': 'double' から 'int' への変換です。データが失われる可能性があります。
C:\Users\高岡優羽\source\repos\polaris\oto\Project1\note.h(680,17): warning C4244: '=': 'double' から 'int' への変換です。データが失われる可能性があります。
C:\Users\高岡優羽\source\repos\polaris\oto\Project1\note.h(683,17): warning C4244: '=': 'double' から 'int' への変換です。データが失われる可能性があります。
C:\Users\高岡優羽\source\repos\polaris\oto\Project1\note.h(686,17): warning C4244: '=': 'double' から 'int' への変換です。データが失われる可能性があります。
C:\Users\高岡優羽\source\repos\polaris\oto\Project1\note.h(689,17): warning C4244: '=': 'double' から 'int' への変換です。データが失われる可能性があります。
C:\Users\高岡優羽\source\repos\polaris\oto\Project1\note.h(692,17): warning C4244: '=': 'double' から 'int' への変換です。データが失われる可能性があります。
C:\Users\高岡優羽\source\repos\polaris\oto\Project1\san.h(4,1): warning C4005: 'RGB': マクロが再定義されました。
C:\Program Files (x86)\Windows Kits\10\Include\10.0.22621.0\um\wingdi.h(1859): message : 'RGB' の以前の定義を確認してください
C:\Users\高岡優羽\source\repos\polaris\oto\Project1\osu.cpp(924,98): warning C4244: '引数': 'double' から 'int' への変換です。データが失われる可能性があります。
C:\Users\高岡優羽\source\repos\polaris\oto\Project1\osu.cpp(927,98): warning C4244: '引数': 'double' から 'int' への変換です。データが失われる可能性があります。
C:\Users\高岡優羽\source\repos\polaris\oto\Project1\osu.cpp(930,98): warning C4244: '引数': 'double' から 'int' への変換です。データが失われる可能性があります。
C:\Users\高岡優羽\source\repos\polaris\oto\Project1\osu.cpp(933,98): warning C4244: '引数': 'double' から 'int' への変換です。データが失われる可能性があります。
C:\Users\高岡優羽\source\repos\polaris\oto\Project1\osu.cpp(940,119): warning C4244: '引数': 'double' から 'int' への変換です。データが失われる可能性があります。
C:\Users\高岡優羽\source\repos\polaris\oto\Project1\osu.cpp(943,119): warning C4244: '引数': 'double' から 'int' への変換です。データが失われる可能性があります。
C:\Users\高岡優羽\source\repos\polaris\oto\Project1\osu.cpp(946,119): warning C4244: '引数': 'double' から 'int' への変換です。データが失われる可能性があります。
C:\Users\高岡優羽\source\repos\polaris\oto\Project1\osu.cpp(949,119): warning C4244: '引数': 'double' から 'int' への変換です。データが失われる可能性があります。
C:\Users\高岡優羽\source\repos\polaris\oto\Project1\osu.cpp(955,91): warning C4244: '引数': 'double' から 'int' への変換です。データが失われる可能性があります。
C:\Users\高岡優羽\source\repos\polaris\oto\Project1\osu.cpp(956,91): warning C4244: '引数': 'double' から 'int' への変換です。データが失われる可能性があります。
C:\Users\高岡優羽\source\repos\polaris\oto\Project1\osu.cpp(957,91): warning C4244: '引数': 'double' から 'int' への変換です。データが失われる可能性があります。
C:\Users\高岡優羽\source\repos\polaris\oto\Project1\osu.cpp(958,91): warning C4244: '引数': 'double' から 'int' への変換です。データが失われる可能性があります。
C:\Users\高岡優羽\source\repos\polaris\oto\Project1\osu.cpp(959,91): warning C4244: '引数': 'double' から 'int' への変換です。データが失われる可能性があります。
C:\Users\高岡優羽\source\repos\polaris\oto\Project1\osu.cpp(960,91): warning C4244: '引数': 'double' から 'int' への変換です。データが失われる可能性があります。
C:\Users\高岡優羽\source\repos\polaris\oto\Project1\osu.cpp(961,91): warning C4244: '引数': 'double' から 'int' への変換です。データが失われる可能性があります。
C:\Users\高岡優羽\source\repos\polaris\oto\Project1\osu.cpp(974,109): warning C4244: '引数': 'double' から 'int' への変換です。データが失われる可能性があります。
C:\Users\高岡優羽\source\repos\polaris\oto\Project1\osu.cpp(977,109): warning C4244: '引数': 'double' から 'int' への変換です。データが失われる可能性があります。
C:\Users\高岡優羽\source\repos\polaris\oto\Project1\osu.cpp(980,109): warning C4244: '引数': 'double' から 'int' への変換です。データが失われる可能性があります。
C:\Users\高岡優羽\source\repos\polaris\oto\Project1\osu.cpp(983,109): warning C4244: '引数': 'double' から 'int' への変換です。データが失われる可能性があります。
C:\Users\高岡優羽\source\repos\polaris\oto\Project1\osu.cpp(990,130): warning C4244: '引数': 'double' から 'int' への変換です。データが失われる可能性があります。
C:\Users\高岡優羽\source\repos\polaris\oto\Project1\osu.cpp(993,130): warning C4244: '引数': 'double' から 'int' への変換です。データが失われる可能性があります。
C:\Users\高岡優羽\source\repos\polaris\oto\Project1\osu.cpp(996,130): warning C4244: '引数': 'double' から 'int' への変換です。データが失われる可能性があります。
C:\Users\高岡優羽\source\repos\polaris\oto\Project1\osu.cpp(999,130): warning C4244: '引数': 'double' から 'int' への変換です。データが失われる可能性があります。
C:\Users\高岡優羽\source\repos\polaris\oto\Project1\osu.cpp(1005,94): warning C4244: '引数': 'double' から 'int' への変換です。データが失われる可能性があります。
C:\Users\高岡優羽\source\repos\polaris\oto\Project1\osu.cpp(1006,94): warning C4244: '引数': 'double' から 'int' への変換です。データが失われる可能性があります。
C:\Users\高岡優羽\source\repos\polaris\oto\Project1\osu.cpp(1007,95): warning C4244: '引数': 'double' から 'int' への変換です。データが失われる可能性があります。
C:\Users\高岡優羽\source\repos\polaris\oto\Project1\osu.cpp(1008,95): warning C4244: '引数': 'double' から 'int' への変換です。データが失われる可能性があります。
C:\Users\高岡優羽\source\repos\polaris\oto\Project1\osu.cpp(1009,95): warning C4244: '引数': 'double' から 'int' への変換です。データが失われる可能性があります。
C:\Users\高岡優羽\source\repos\polaris\oto\Project1\osu.cpp(1010,95): warning C4244: '引数': 'double' から 'int' への変換です。データが失われる可能性があります。
C:\Users\高岡優羽\source\repos\polaris\oto\Project1\osu.cpp(1011,95): warning C4244: '引数': 'double' から 'int' への変換です。データが失われる可能性があります。
C:\Users\高岡優羽\source\repos\polaris\oto\Project1\osu.cpp(1012,95): warning C4244: '引数': 'double' から 'int' への変換です。データが失われる可能性があります。
C:\Users\高岡優羽\source\repos\polaris\oto\Project1\osu.cpp(1013,95): warning C4244: '引数': 'double' から 'int' への変換です。データが失われる可能性があります。
C:\Users\高岡優羽\source\repos\polaris\oto\Project1\osu.cpp(1014,95): warning C4244: '引数': 'double' から 'int' への変換です。データが失われる可能性があります。
C:\Users\高岡優羽\source\repos\polaris\oto\Project1\osu.cpp(1015,95): warning C4244: '引数': 'double' から 'int' への変換です。データが失われる可能性があります。
C:\Users\高岡優羽\source\repos\polaris\oto\Project1\osu.cpp(1016,95): warning C4244: '引数': 'double' から 'int' への変換です。データが失われる可能性があります。
C:\Users\高岡優羽\source\repos\polaris\oto\Project1\osu.cpp(1017,95): warning C4244: '引数': 'double' から 'int' への変換です。データが失われる可能性があります。
C:\Users\高岡優羽\source\repos\polaris\oto\Project1\osu.cpp(1018,95): warning C4244: '引数': 'double' から 'int' への変換です。データが失われる可能性があります。
C:\Users\高岡優羽\source\repos\polaris\oto\Project1\osu.cpp(1019,95): warning C4244: '引数': 'double' から 'int' への変換です。データが失われる可能性があります。
C:\Users\高岡優羽\source\repos\polaris\oto\Project1\osu.cpp(1020,95): warning C4244: '引数': 'double' から 'int' への変換です。データが失われる可能性があります。
C:\Users\高岡優羽\source\repos\polaris\oto\Project1\osu.cpp(1021,95): warning C4244: '引数': 'double' から 'int' への変換です。データが失われる可能性があります。
C:\Users\高岡優羽\source\repos\polaris\oto\Project1\osu.cpp(1022,95): warning C4244: '引数': 'double' から 'int' への変換です。データが失われる可能性があります。
C:\Users\高岡優羽\source\repos\polaris\oto\Project1\osu.cpp(1023,96): warning C4244: '引数': 'double' から 'int' への変換です。データが失われる可能性があります。
C:\Users\高岡優羽\source\repos\polaris\oto\Project1\osu.cpp(1024,96): warning C4244: '引数': 'double' から 'int' への変換です。データが失われる可能性があります。
C:\Users\高岡優羽\source\repos\polaris\oto\Project1\osu.cpp(1025,96): warning C4244: '引数': 'double' から 'int' への変換です。データが失われる可能性があります。
C:\Users\高岡優羽\source\repos\polaris\oto\Project1\osu.cpp(1026,96): warning C4244: '引数': 'double' から 'int' への変換です。データが失われる可能性があります。
C:\Users\高岡優羽\source\repos\polaris\oto\Project1\osu.cpp(1027,96): warning C4244: '引数': 'double' から 'int' への変換です。データが失われる可能性があります。
C:\Users\高岡優羽\source\repos\polaris\oto\Project1\osu.cpp(1028,96): warning C4244: '引数': 'double' から 'int' への変換です。データが失われる可能性があります。
C:\Users\高岡優羽\source\repos\polaris\oto\Project1\osu.cpp(1029,96): warning C4244: '引数': 'double' から 'int' への変換です。データが失われる可能性があります。
C:\Users\高岡優羽\source\repos\polaris\oto\Project1\osu.cpp(1030,97): warning C4244: '引数': 'double' から 'int' への変換です。データが失われる可能性があります。
C:\Users\高岡優羽\source\repos\polaris\oto\Project1\osu.cpp(1031,96): warning C4244: '引数': 'double' から 'int' への変換です。データが失われる可能性があります。
C:\Users\高岡優羽\source\repos\polaris\oto\Project1\osu.cpp(1032,97): warning C4244: '引数': 'double' から 'int' への変換です。データが失われる可能性があります。
C:\Users\高岡優羽\source\repos\polaris\oto\Project1\osu.cpp(1033,97): warning C4244: '引数': 'double' から 'int' への変換です。データが失われる可能性があります。
C:\Users\高岡優羽\source\repos\polaris\oto\Project1\osu.cpp(1034,97): warning C4244: '引数': 'double' から 'int' への変換です。データが失われる可能性があります。
C:\Users\高岡優羽\source\repos\polaris\oto\Project1\osu.cpp(1035,97): warning C4244: '引数': 'double' から 'int' への変換です。データが失われる可能性があります。
C:\Users\高岡優羽\source\repos\polaris\oto\Project1\osu.cpp(1036,97): warning C4244: '引数': 'double' から 'int' への変換です。データが失われる可能性があります。
C:\Users\高岡優羽\source\repos\polaris\oto\Project1\osu.cpp(1048,101): warning C4244: '引数': 'double' から 'int' への変換です。データが失われる可能性があります。
C:\Users\高岡優羽\source\repos\polaris\oto\Project1\osu.cpp(1051,101): warning C4244: '引数': 'double' から 'int' への変換です。データが失われる可能性があります。
C:\Users\高岡優羽\source\repos\polaris\oto\Project1\osu.cpp(1054,101): warning C4244: '引数': 'double' から 'int' への変換です。データが失われる可能性があります。
C:\Users\高岡優羽\source\repos\polaris\oto\Project1\osu.cpp(1057,101): warning C4244: '引数': 'double' から 'int' への変換です。データが失われる可能性があります。
C:\Users\高岡優羽\source\repos\polaris\oto\Project1\osu.cpp(1064,121): warning C4244: '引数': 'double' から 'int' への変換です。データが失われる可能性があります。
C:\Users\高岡優羽\source\repos\polaris\oto\Project1\osu.cpp(1067,121): warning C4244: '引数': 'double' から 'int' への変換です。データが失われる可能性があります。
C:\Users\高岡優羽\source\repos\polaris\oto\Project1\osu.cpp(1070,121): warning C4244: '引数': 'double' から 'int' への変換です。データが失われる可能性があります。
C:\Users\高岡優羽\source\repos\polaris\oto\Project1\osu.cpp(1073,121): warning C4244: '引数': 'double' から 'int' への変換です。データが失われる可能性があります。
C:\Users\高岡優羽\source\repos\polaris\oto\Project1\osu.cpp(1090,101): warning C4244: '引数': 'double' から 'int' への変換です。データが失われる可能性があります。
C:\Users\高岡優羽\source\repos\polaris\oto\Project1\osu.cpp(1093,101): warning C4244: '引数': 'double' から 'int' への変換です。データが失われる可能性があります。
C:\Users\高岡優羽\source\repos\polaris\oto\Project1\osu.cpp(1096,101): warning C4244: '引数': 'double' から 'int' への変換です。データが失われる可能性があります。
C:\Users\高岡優羽\source\repos\polaris\oto\Project1\osu.cpp(1099,101): warning C4244: '引数': 'double' から 'int' への変換です。データが失われる可能性があります。
C:\Users\高岡優羽\source\repos\polaris\oto\Project1\osu.cpp(1106,120): warning C4244: '引数': 'double' から 'int' への変換です。データが失われる可能性があります。
C:\Users\高岡優羽\source\repos\polaris\oto\Project1\osu.cpp(1109,120): warning C4244: '引数': 'double' から 'int' への変換です。データが失われる可能性があります。
C:\Users\高岡優羽\source\repos\polaris\oto\Project1\osu.cpp(1112,120): warning C4244: '引数': 'double' から 'int' への変換です。データが失われる可能性があります。
C:\Users\高岡優羽\source\repos\polaris\oto\Project1\osu.cpp(1115,120): warning C4244: '引数': 'double' から 'int' への変換です。データが失われる可能性があります。
C:\Users\高岡優羽\source\repos\polaris\oto\Project1\osu.cpp(1121,93): warning C4244: '引数': 'double' から 'int' への変換です。データが失われる可能性があります。
C:\Users\高岡優羽\source\repos\polaris\oto\Project1\osu.cpp(1122,93): warning C4244: '引数': 'double' から 'int' への変換です。データが失われる可能性があります。
C:\Users\高岡優羽\source\repos\polaris\oto\Project1\osu.cpp(1123,93): warning C4244: '引数': 'double' から 'int' への変換です。データが失われる可能性があります。
C:\Users\高岡優羽\source\repos\polaris\oto\Project1\osu.cpp(1124,93): warning C4244: '引数': 'double' から 'int' への変換です。データが失われる可能性があります。
C:\Users\高岡優羽\source\repos\polaris\oto\Project1\osu.cpp(1125,93): warning C4244: '引数': 'double' から 'int' への変換です。データが失われる可能性があります。
C:\Users\高岡優羽\source\repos\polaris\oto\Project1\osu.cpp(1126,93): warning C4244: '引数': 'double' から 'int' への変換です。データが失われる可能性があります。
C:\Users\高岡優羽\source\repos\polaris\oto\Project1\osu.cpp(1138,107): warning C4244: '引数': 'double' から 'int' への変換です。データが失われる可能性があります。
C:\Users\高岡優羽\source\repos\polaris\oto\Project1\osu.cpp(1141,107): warning C4244: '引数': 'double' から 'int' への変換です。データが失われる可能性があります。
C:\Users\高岡優羽\source\repos\polaris\oto\Project1\osu.cpp(1144,107): warning C4244: '引数': 'double' から 'int' への変換です。データが失われる可能性があります。
C:\Users\高岡優羽\source\repos\polaris\oto\Project1\osu.cpp(1147,107): warning C4244: '引数': 'double' から 'int' への変換です。データが失われる可能性があります。
C:\Users\高岡優羽\source\repos\polaris\oto\Project1\osu.cpp(1154,130): warning C4244: '引数': 'double' から 'int' への変換です。データが失われる可能性があります。
C:\Users\高岡優羽\source\repos\polaris\oto\Project1\osu.cpp(1157,130): warning C4244: '引数': 'double' から 'int' への変換です。データが失われる可能性があります。
C:\Users\高岡優羽\source\repos\polaris\oto\Project1\osu.cpp(1160,130): warning C4244: '引数': 'double' から 'int' への変換です。データが失われる可能性があります。
C:\Users\高岡優羽\source\repos\polaris\oto\Project1\osu.cpp(1163,130): warning C4244: '引数': 'double' から 'int' への変換です。データが失われる可能性があります。
C:\Users\高岡優羽\source\repos\polaris\oto\Project1\osu.cpp(1180,101): warning C4244: '引数': 'double' から 'int' への変換です。データが失われる可能性があります。
C:\Users\高岡優羽\source\repos\polaris\oto\Project1\osu.cpp(1183,101): warning C4244: '引数': 'double' から 'int' への変換です。データが失われる可能性があります。
C:\Users\高岡優羽\source\repos\polaris\oto\Project1\osu.cpp(1186,101): warning C4244: '引数': 'double' から 'int' への変換です。データが失われる可能性があります。
C:\Users\高岡優羽\source\repos\polaris\oto\Project1\osu.cpp(1189,101): warning C4244: '引数': 'double' から 'int' への変換です。データが失われる可能性があります。
C:\Users\高岡優羽\source\repos\polaris\oto\Project1\osu.cpp(1196,120): warning C4244: '引数': 'double' から 'int' への変換です。データが失われる可能性があります。
C:\Users\高岡優羽\source\repos\polaris\oto\Project1\osu.cpp(1199,120): warning C4244: '引数': 'double' から 'int' への変換です。データが失われる可能性があります。
C:\Users\高岡優羽\source\repos\polaris\oto\Project1\osu.cpp(1202,120): warning C4244: '引数': 'double' から 'int' への変換です。データが失われる可能性があります。
C:\Users\高岡優羽\source\repos\polaris\oto\Project1\osu.cpp(1205,120): warning C4244: '引数': 'double' から 'int' への変換です。データが失われる可能性があります。
C:\Users\高岡優羽\source\repos\polaris\oto\Project1\osu.cpp(1222,104): warning C4244: '引数': 'double' から 'int' への変換です。データが失われる可能性があります。
C:\Users\高岡優羽\source\repos\polaris\oto\Project1\osu.cpp(1225,104): warning C4244: '引数': 'double' から 'int' への変換です。データが失われる可能性があります。
C:\Users\高岡優羽\source\repos\polaris\oto\Project1\osu.cpp(1228,104): warning C4244: '引数': 'double' から 'int' への変換です。データが失われる可能性があります。
C:\Users\高岡優羽\source\repos\polaris\oto\Project1\osu.cpp(1231,104): warning C4244: '引数': 'double' から 'int' への変換です。データが失われる可能性があります。
C:\Users\高岡優羽\source\repos\polaris\oto\Project1\osu.cpp(1238,123): warning C4244: '引数': 'double' から 'int' への変換です。データが失われる可能性があります。
C:\Users\高岡優羽\source\repos\polaris\oto\Project1\osu.cpp(1241,123): warning C4244: '引数': 'double' から 'int' への変換です。データが失われる可能性があります。
C:\Users\高岡優羽\source\repos\polaris\oto\Project1\osu.cpp(1244,123): warning C4244: '引数': 'double' から 'int' への変換です。データが失われる可能性があります。
C:\Users\高岡優羽\source\repos\polaris\oto\Project1\osu.cpp(1247,123): warning C4244: '引数': 'double' から 'int' への変換です。データが失われる可能性があります。
C:\Users\高岡優羽\source\repos\polaris\oto\Project1\osu.cpp(1264,94): warning C4244: '引数': 'double' から 'int' への変換です。データが失われる可能性があります。
C:\Users\高岡優羽\source\repos\polaris\oto\Project1\osu.cpp(1267,94): warning C4244: '引数': 'double' から 'int' への変換です。データが失われる可能性があります。
C:\Users\高岡優羽\source\repos\polaris\oto\Project1\osu.cpp(1270,94): warning C4244: '引数': 'double' から 'int' への変換です。データが失われる可能性があります。
C:\Users\高岡優羽\source\repos\polaris\oto\Project1\osu.cpp(1273,94): warning C4244: '引数': 'double' から 'int' への変換です。データが失われる可能性があります。
C:\Users\高岡優羽\source\repos\polaris\oto\Project1\osu.cpp(1280,113): warning C4244: '引数': 'double' から 'int' への変換です。データが失われる可能性があります。
C:\Users\高岡優羽\source\repos\polaris\oto\Project1\osu.cpp(1283,113): warning C4244: '引数': 'double' から 'int' への変換です。データが失われる可能性があります。
C:\Users\高岡優羽\source\repos\polaris\oto\Project1\osu.cpp(1286,113): warning C4244: '引数': 'double' から 'int' への変換です。データが失われる可能性があります。
C:\Users\高岡優羽\source\repos\polaris\oto\Project1\osu.cpp(1289,113): warning C4244: '引数': 'double' から 'int' への変換です。データが失われる可能性があります。
  Project1.vcxproj -> C:\Users\高岡優羽\source\repos\polaris\oto\Debug\Project1.exe
